2025-12-30 14:13:58.196 [main] INFO  com.lchjy.NingboApplication-Starting NingboApplication using Java 21.0.9 with PID 5476 (/Users/lichenhao/Documents/Project/ningbo/target/classes started by lichenhao in /Users/lichenhao/Documents/Project/ningbo)
2025-12-30 14:13:58.197 [main] INFO  com.lchjy.NingboApplication-No active profile set, falling back to 1 default profile: "default"
2025-12-30 14:13:59.300 [main] INFO  o.s.boot.web.embedded.tomcat.TomcatWebServer-Tomcat initialized with port 8080 (http)
2025-12-30 14:13:59.312 [main] INFO  org.apache.coyote.http11.Http11NioProtocol-Initializing ProtocolHandler ["http-nio-8080"]
2025-12-30 14:13:59.314 [main] INFO  org.apache.catalina.core.StandardService-Starting service [Tomcat]
2025-12-30 14:13:59.315 [main] INFO  org.apache.catalina.core.StandardEngine-Starting Servlet engine: [Apache Tomcat/10.1.24]
2025-12-30 14:13:59.589 [main] INFO  org.apache.jasper.servlet.TldScanner-At least one JAR was scanned for TLDs yet contained no TLDs. Enable debug logging for this logger for a complete list of JARs that were scanned but no TLDs were found in them. Skipping unneeded JARs during scanning can improve startup time and JSP compilation time.
2025-12-30 14:13:59.597 [main] INFO  o.a.c.core.ContainerBase.[Tomcat].[localhost].[/]-Initializing Spring embedded WebApplicationContext
2025-12-30 14:13:59.598 [main] INFO  o.s.b.w.s.c.ServletWebServerApplicationContext-Root WebApplicationContext: initialization completed in 1350 ms
2025-12-30 14:13:59.972 [main] INFO  o.s.b.a.web.servlet.WelcomePageHandlerMapping-Adding welcome page template: index
2025-12-30 14:14:00.257 [main] INFO  org.apache.coyote.http11.Http11NioProtocol-Starting ProtocolHandler ["http-nio-8080"]
2025-12-30 14:14:00.282 [main] INFO  o.s.boot.web.embedded.tomcat.TomcatWebServer-Tomcat started on port 8080 (http) with context path '/'
2025-12-30 14:14:00.290 [main] INFO  com.lchjy.NingboApplication-Started NingboApplication in 2.481 seconds (process running for 3.065)
2025-12-30 14:14:21.506 [http-nio-8080-exec-1] INFO  o.a.c.core.ContainerBase.[Tomcat].[localhost].[/]-Initializing Spring DispatcherServlet 'dispatcherServlet'
2025-12-30 14:14:21.506 [http-nio-8080-exec-1] INFO  org.springframework.web.servlet.DispatcherServlet-Initializing Servlet 'dispatcherServlet'
2025-12-30 14:14:21.508 [http-nio-8080-exec-1] INFO  org.springframework.web.servlet.DispatcherServlet-Completed initialization in 2 ms
2025-12-30 14:14:22.424 [http-nio-8080-exec-2] WARN  com.lchjy.config.GlobalExceptionHandler-检测到 favicon.ico 请求缺失，已忽略堆栈信息打印。
2025-12-30 14:14:28.132 [http-nio-8080-exec-3] INFO  com.lchjy.controller.UserController-用户登录请求: userInfo=UserInfo(id=null, username=admin, password=123456, realName=null, email=null, phone=null, avatar=null, role=null, createTime=null)
2025-12-30 14:14:28.164 [http-nio-8080-exec-3] INFO  com.zaxxer.hikari.HikariDataSource-HikariPool-1 - Starting...
2025-12-30 14:14:28.540 [http-nio-8080-exec-3] INFO  com.zaxxer.hikari.pool.HikariPool-HikariPool-1 - Added connection com.mysql.cj.jdbc.ConnectionImpl@1043e41
2025-12-30 14:14:28.542 [http-nio-8080-exec-3] INFO  com.zaxxer.hikari.HikariDataSource-HikariPool-1 - Start completed.
2025-12-30 14:14:28.741 [http-nio-8080-exec-6] INFO  com.lchjy.controller.FoodController-查询美食列表: keyword=, page=1, limit=10
2025-12-30 14:14:28.752 [http-nio-8080-exec-7] WARN  com.lchjy.config.GlobalExceptionHandler-检测到 favicon.ico 请求缺失，已忽略堆栈信息打印。
2025-12-30 14:14:31.085 [http-nio-8080-exec-10] INFO  com.lchjy.controller.FoodController-查询美食列表: keyword=, page=1, limit=8
2025-12-30 14:14:31.163 [http-nio-8080-exec-2] WARN  com.lchjy.config.GlobalExceptionHandler-检测到 favicon.ico 请求缺失，已忽略堆栈信息打印。
2025-12-30 14:14:42.381 [http-nio-8080-exec-1] INFO  com.lchjy.controller.FoodController-查询美食列表: keyword=, page=2, limit=8
2025-12-30 14:14:44.129 [http-nio-8080-exec-3] INFO  com.lchjy.controller.SceneryController-查询景点列表: keyword=, page=1, limit=8
2025-12-30 14:14:47.110 [http-nio-8080-exec-1] INFO  com.lchjy.controller.FoodController-查询美食列表: keyword=, page=1, limit=8
2025-12-30 14:14:48.523 [http-nio-8080-exec-3] INFO  com.lchjy.controller.FoodController-查询美食列表: keyword=, page=2, limit=8
2025-12-30 14:18:18.875 [SpringApplicationShutdownHook] INFO  com.zaxxer.hikari.HikariDataSource-HikariPool-1 - Shutdown initiated...
2025-12-30 14:18:18.887 [SpringApplicationShutdownHook] INFO  com.zaxxer.hikari.HikariDataSource-HikariPool-1 - Shutdown completed.
2025-12-30 14:23:47.694 [main] INFO  com.lchjy.NingboApplication-Starting NingboApplication using Java 21.0.9 with PID 6167 (/Users/lichenhao/Documents/Project/ningbo/target/classes started by lichenhao in /Users/lichenhao/Documents/Project/ningbo)
2025-12-30 14:23:47.696 [main] INFO  com.lchjy.NingboApplication-No active profile set, falling back to 1 default profile: "default"
2025-12-30 14:23:48.691 [main] INFO  o.s.boot.web.embedded.tomcat.TomcatWebServer-Tomcat initialized with port 8080 (http)
2025-12-30 14:23:48.702 [main] INFO  org.apache.coyote.http11.Http11NioProtocol-Initializing ProtocolHandler ["http-nio-8080"]
2025-12-30 14:23:48.705 [main] INFO  org.apache.catalina.core.StandardService-Starting service [Tomcat]
2025-12-30 14:23:48.706 [main] INFO  org.apache.catalina.core.StandardEngine-Starting Servlet engine: [Apache Tomcat/10.1.24]
2025-12-30 14:23:48.924 [main] INFO  org.apache.jasper.servlet.TldScanner-At least one JAR was scanned for TLDs yet contained no TLDs. Enable debug logging for this logger for a complete list of JARs that were scanned but no TLDs were found in them. Skipping unneeded JARs during scanning can improve startup time and JSP compilation time.
2025-12-30 14:23:48.930 [main] INFO  o.a.c.core.ContainerBase.[Tomcat].[localhost].[/]-Initializing Spring embedded WebApplicationContext
2025-12-30 14:23:48.931 [main] INFO  o.s.b.w.s.c.ServletWebServerApplicationContext-Root WebApplicationContext: initialization completed in 1186 ms
2025-12-30 14:23:49.261 [main] INFO  o.s.b.a.web.servlet.WelcomePageHandlerMapping-Adding welcome page template: index
2025-12-30 14:23:49.544 [main] INFO  org.apache.coyote.http11.Http11NioProtocol-Starting ProtocolHandler ["http-nio-8080"]
2025-12-30 14:23:49.568 [main] INFO  o.s.boot.web.embedded.tomcat.TomcatWebServer-Tomcat started on port 8080 (http) with context path '/'
2025-12-30 14:23:49.577 [main] INFO  com.lchjy.NingboApplication-Started NingboApplication in 2.253 seconds (process running for 2.76)
2025-12-30 14:23:54.759 [http-nio-8080-exec-1] INFO  o.a.c.core.ContainerBase.[Tomcat].[localhost].[/]-Initializing Spring DispatcherServlet 'dispatcherServlet'
2025-12-30 14:23:54.759 [http-nio-8080-exec-1] INFO  org.springframework.web.servlet.DispatcherServlet-Initializing Servlet 'dispatcherServlet'
2025-12-30 14:23:54.760 [http-nio-8080-exec-1] INFO  org.springframework.web.servlet.DispatcherServlet-Completed initialization in 1 ms
2025-12-30 14:23:55.592 [http-nio-8080-exec-4] WARN  com.lchjy.config.GlobalExceptionHandler-检测到 favicon.ico 请求缺失，已忽略堆栈信息打印。
2025-12-30 14:23:55.601 [http-nio-8080-exec-3] INFO  com.lchjy.controller.FoodController-查询美食列表: keyword=, page=1, limit=8
2025-12-30 14:23:55.696 [http-nio-8080-exec-3] INFO  com.zaxxer.hikari.HikariDataSource-HikariPool-1 - Starting...
2025-12-30 14:23:56.012 [http-nio-8080-exec-3] INFO  com.zaxxer.hikari.pool.HikariPool-HikariPool-1 - Added connection com.mysql.cj.jdbc.ConnectionImpl@1a550111
2025-12-30 14:23:56.014 [http-nio-8080-exec-3] INFO  com.zaxxer.hikari.HikariDataSource-HikariPool-1 - Start completed.
2025-12-30 14:24:51.355 [SpringApplicationShutdownHook] INFO  com.zaxxer.hikari.HikariDataSource-HikariPool-1 - Shutdown initiated...
2025-12-30 14:24:51.369 [SpringApplicationShutdownHook] INFO  com.zaxxer.hikari.HikariDataSource-HikariPool-1 - Shutdown completed.
2025-12-30 14:31:05.870 [main] INFO  com.lchjy.NingboApplication-Starting NingboApplication using Java 21.0.9 with PID 6843 (/Users/lichenhao/Documents/Project/ningbo/target/classes started by lichenhao in /Users/lichenhao/Documents/Project/ningbo)
2025-12-30 14:31:05.873 [main] INFO  com.lchjy.NingboApplication-No active profile set, falling back to 1 default profile: "default"
2025-12-30 14:31:06.955 [main] INFO  o.s.boot.web.embedded.tomcat.TomcatWebServer-Tomcat initialized with port 8080 (http)
2025-12-30 14:31:06.967 [main] INFO  org.apache.coyote.http11.Http11NioProtocol-Initializing ProtocolHandler ["http-nio-8080"]
2025-12-30 14:31:06.970 [main] INFO  org.apache.catalina.core.StandardService-Starting service [Tomcat]
2025-12-30 14:31:06.970 [main] INFO  org.apache.catalina.core.StandardEngine-Starting Servlet engine: [Apache Tomcat/10.1.24]
2025-12-30 14:31:07.191 [main] INFO  org.apache.jasper.servlet.TldScanner-At least one JAR was scanned for TLDs yet contained no TLDs. Enable debug logging for this logger for a complete list of JARs that were scanned but no TLDs were found in them. Skipping unneeded JARs during scanning can improve startup time and JSP compilation time.
2025-12-30 14:31:07.199 [main] INFO  o.a.c.core.ContainerBase.[Tomcat].[localhost].[/]-Initializing Spring embedded WebApplicationContext
2025-12-30 14:31:07.200 [main] INFO  o.s.b.w.s.c.ServletWebServerApplicationContext-Root WebApplicationContext: initialization completed in 1273 ms
2025-12-30 14:31:07.583 [main] INFO  o.s.b.a.web.servlet.WelcomePageHandlerMapping-Adding welcome page template: index
2025-12-30 14:31:07.890 [main] INFO  org.apache.coyote.http11.Http11NioProtocol-Starting ProtocolHandler ["http-nio-8080"]
2025-12-30 14:31:07.916 [main] INFO  o.s.boot.web.embedded.tomcat.TomcatWebServer-Tomcat started on port 8080 (http) with context path '/'
2025-12-30 14:31:07.926 [main] INFO  com.lchjy.NingboApplication-Started NingboApplication in 2.439 seconds (process running for 2.959)
2025-12-30 14:31:14.872 [http-nio-8080-exec-1] INFO  o.a.c.core.ContainerBase.[Tomcat].[localhost].[/]-Initializing Spring DispatcherServlet 'dispatcherServlet'
2025-12-30 14:31:14.872 [http-nio-8080-exec-1] INFO  org.springframework.web.servlet.DispatcherServlet-Initializing Servlet 'dispatcherServlet'
2025-12-30 14:31:14.873 [http-nio-8080-exec-1] INFO  org.springframework.web.servlet.DispatcherServlet-Completed initialization in 1 ms
2025-12-30 14:31:15.771 [http-nio-8080-exec-4] WARN  com.lchjy.config.GlobalExceptionHandler-检测到 favicon.ico 请求缺失，已忽略堆栈信息打印。
2025-12-30 14:31:15.774 [http-nio-8080-exec-3] INFO  com.lchjy.controller.FoodController-查询美食列表: keyword=, page=1, limit=8
2025-12-30 14:31:15.873 [http-nio-8080-exec-3] INFO  com.zaxxer.hikari.HikariDataSource-HikariPool-1 - Starting...
2025-12-30 14:31:16.210 [http-nio-8080-exec-3] INFO  com.zaxxer.hikari.pool.HikariPool-HikariPool-1 - Added connection com.mysql.cj.jdbc.ConnectionImpl@46301cb7
2025-12-30 14:31:16.213 [http-nio-8080-exec-3] INFO  com.zaxxer.hikari.HikariDataSource-HikariPool-1 - Start completed.
2025-12-30 14:31:29.277 [SpringApplicationShutdownHook] INFO  com.zaxxer.hikari.HikariDataSource-HikariPool-1 - Shutdown initiated...
2025-12-30 14:31:29.288 [SpringApplicationShutdownHook] INFO  com.zaxxer.hikari.HikariDataSource-HikariPool-1 - Shutdown completed.
2025-12-30 14:34:08.940 [main] INFO  com.lchjy.NingboApplication-Starting NingboApplication using Java 21.0.9 with PID 7940 (/Users/lichenhao/Documents/Project/ningbo/target/classes started by lichenhao in /Users/lichenhao/Documents/Project/ningbo)
2025-12-30 14:34:08.942 [main] INFO  com.lchjy.NingboApplication-No active profile set, falling back to 1 default profile: "default"
2025-12-30 14:34:09.975 [main] INFO  o.s.boot.web.embedded.tomcat.TomcatWebServer-Tomcat initialized with port 8080 (http)
2025-12-30 14:34:09.997 [main] INFO  org.apache.coyote.http11.Http11NioProtocol-Initializing ProtocolHandler ["http-nio-8080"]
2025-12-30 14:34:09.999 [main] INFO  org.apache.catalina.core.StandardService-Starting service [Tomcat]
2025-12-30 14:34:09.999 [main] INFO  org.apache.catalina.core.StandardEngine-Starting Servlet engine: [Apache Tomcat/10.1.24]
2025-12-30 14:34:10.180 [main] INFO  org.apache.jasper.servlet.TldScanner-At least one JAR was scanned for TLDs yet contained no TLDs. Enable debug logging for this logger for a complete list of JARs that were scanned but no TLDs were found in them. Skipping unneeded JARs during scanning can improve startup time and JSP compilation time.
2025-12-30 14:34:10.186 [main] INFO  o.a.c.core.ContainerBase.[Tomcat].[localhost].[/]-Initializing Spring embedded WebApplicationContext
2025-12-30 14:34:10.186 [main] INFO  o.s.b.w.s.c.ServletWebServerApplicationContext-Root WebApplicationContext: initialization completed in 1199 ms
2025-12-30 14:34:10.505 [main] INFO  o.s.b.a.web.servlet.WelcomePageHandlerMapping-Adding welcome page template: index
2025-12-30 14:34:10.793 [main] INFO  org.apache.coyote.http11.Http11NioProtocol-Starting ProtocolHandler ["http-nio-8080"]
2025-12-30 14:34:10.816 [main] INFO  o.s.boot.web.embedded.tomcat.TomcatWebServer-Tomcat started on port 8080 (http) with context path '/'
2025-12-30 14:34:10.824 [main] INFO  com.lchjy.NingboApplication-Started NingboApplication in 2.231 seconds (process running for 2.704)
2025-12-30 14:34:14.812 [http-nio-8080-exec-1] INFO  o.a.c.core.ContainerBase.[Tomcat].[localhost].[/]-Initializing Spring DispatcherServlet 'dispatcherServlet'
2025-12-30 14:34:14.813 [http-nio-8080-exec-1] INFO  org.springframework.web.servlet.DispatcherServlet-Initializing Servlet 'dispatcherServlet'
2025-12-30 14:34:14.815 [http-nio-8080-exec-1] INFO  org.springframework.web.servlet.DispatcherServlet-Completed initialization in 2 ms
2025-12-30 14:34:15.535 [http-nio-8080-exec-4] WARN  com.lchjy.config.GlobalExceptionHandler-检测到 favicon.ico 请求缺失，已忽略堆栈信息打印。
2025-12-30 14:34:15.546 [http-nio-8080-exec-3] INFO  com.lchjy.controller.FoodController-查询美食列表: keyword=, page=1, limit=8
2025-12-30 14:34:15.638 [http-nio-8080-exec-3] INFO  com.zaxxer.hikari.HikariDataSource-HikariPool-1 - Starting...
2025-12-30 14:34:15.960 [http-nio-8080-exec-3] INFO  com.zaxxer.hikari.pool.HikariPool-HikariPool-1 - Added connection com.mysql.cj.jdbc.ConnectionImpl@78a4c21e
2025-12-30 14:34:15.961 [http-nio-8080-exec-3] INFO  com.zaxxer.hikari.HikariDataSource-HikariPool-1 - Start completed.
2025-12-30 14:39:29.344 [http-nio-8080-exec-9] INFO  com.lchjy.controller.FoodController-查询美食列表: keyword=, page=1, limit=8
2025-12-30 14:39:29.367 [http-nio-8080-exec-10] WARN  com.lchjy.config.GlobalExceptionHandler-检测到 favicon.ico 请求缺失，已忽略堆栈信息打印。
2025-12-30 14:39:55.906 [SpringApplicationShutdownHook] INFO  com.zaxxer.hikari.HikariDataSource-HikariPool-1 - Shutdown initiated...
2025-12-30 14:39:55.919 [SpringApplicationShutdownHook] INFO  com.zaxxer.hikari.HikariDataSource-HikariPool-1 - Shutdown completed.
2025-12-30 14:44:57.527 [main] INFO  com.lchjy.NingboApplication-Starting NingboApplication using Java 21.0.9 with PID 8557 (/Users/lichenhao/Documents/Project/ningbo/target/classes started by lichenhao in /Users/lichenhao/Documents/Project/ningbo)
2025-12-30 14:44:57.529 [main] INFO  com.lchjy.NingboApplication-No active profile set, falling back to 1 default profile: "default"
2025-12-30 14:44:58.472 [main] INFO  o.s.boot.web.embedded.tomcat.TomcatWebServer-Tomcat initialized with port 8080 (http)
2025-12-30 14:44:58.494 [main] INFO  org.apache.coyote.http11.Http11NioProtocol-Initializing ProtocolHandler ["http-nio-8080"]
2025-12-30 14:44:58.496 [main] INFO  org.apache.catalina.core.StandardService-Starting service [Tomcat]
2025-12-30 14:44:58.496 [main] INFO  org.apache.catalina.core.StandardEngine-Starting Servlet engine: [Apache Tomcat/10.1.24]
2025-12-30 14:44:58.670 [main] INFO  org.apache.jasper.servlet.TldScanner-At least one JAR was scanned for TLDs yet contained no TLDs. Enable debug logging for this logger for a complete list of JARs that were scanned but no TLDs were found in them. Skipping unneeded JARs during scanning can improve startup time and JSP compilation time.
2025-12-30 14:44:58.676 [main] INFO  o.a.c.core.ContainerBase.[Tomcat].[localhost].[/]-Initializing Spring embedded WebApplicationContext
2025-12-30 14:44:58.677 [main] INFO  o.s.b.w.s.c.ServletWebServerApplicationContext-Root WebApplicationContext: initialization completed in 1102 ms
2025-12-30 14:44:58.999 [main] INFO  o.s.b.a.web.servlet.WelcomePageHandlerMapping-Adding welcome page template: index
2025-12-30 14:44:59.269 [main] INFO  org.apache.coyote.http11.Http11NioProtocol-Starting ProtocolHandler ["http-nio-8080"]
2025-12-30 14:44:59.291 [main] INFO  o.s.boot.web.embedded.tomcat.TomcatWebServer-Tomcat started on port 8080 (http) with context path '/'
2025-12-30 14:44:59.299 [main] INFO  com.lchjy.NingboApplication-Started NingboApplication in 2.122 seconds (process running for 2.649)
2025-12-30 14:45:04.668 [http-nio-8080-exec-1] INFO  o.a.c.core.ContainerBase.[Tomcat].[localhost].[/]-Initializing Spring DispatcherServlet 'dispatcherServlet'
2025-12-30 14:45:04.669 [http-nio-8080-exec-1] INFO  org.springframework.web.servlet.DispatcherServlet-Initializing Servlet 'dispatcherServlet'
2025-12-30 14:45:04.670 [http-nio-8080-exec-1] INFO  org.springframework.web.servlet.DispatcherServlet-Completed initialization in 1 ms
2025-12-30 14:45:05.404 [http-nio-8080-exec-5] WARN  com.lchjy.config.GlobalExceptionHandler-检测到 favicon.ico 请求缺失，已忽略堆栈信息打印。
2025-12-30 14:45:05.407 [http-nio-8080-exec-4] INFO  com.lchjy.controller.FoodController-查询美食列表: keyword=, page=1, limit=8
2025-12-30 14:45:05.500 [http-nio-8080-exec-4] INFO  com.zaxxer.hikari.HikariDataSource-HikariPool-1 - Starting...
2025-12-30 14:45:05.824 [http-nio-8080-exec-4] INFO  com.zaxxer.hikari.pool.HikariPool-HikariPool-1 - Added connection com.mysql.cj.jdbc.ConnectionImpl@5c221107
2025-12-30 14:45:05.826 [http-nio-8080-exec-4] INFO  com.zaxxer.hikari.HikariDataSource-HikariPool-1 - Start completed.
2025-12-30 14:45:17.353 [http-nio-8080-exec-6] INFO  com.lchjy.controller.SceneryController-查询景点列表: keyword=, page=1, limit=8
2025-12-30 14:45:18.120 [http-nio-8080-exec-7] INFO  com.lchjy.controller.CultureController-查询文化列表: keyword=, page=1, limit=8
2025-12-30 14:45:21.425 [http-nio-8080-exec-6] INFO  com.lchjy.controller.FoodController-查询美食列表: keyword=, page=1, limit=8
2025-12-30 14:45:56.650 [SpringApplicationShutdownHook] INFO  com.zaxxer.hikari.HikariDataSource-HikariPool-1 - Shutdown initiated...
2025-12-30 14:45:56.663 [SpringApplicationShutdownHook] INFO  com.zaxxer.hikari.HikariDataSource-HikariPool-1 - Shutdown completed.
2025-12-30 14:47:54.551 [main] INFO  com.lchjy.NingboApplication-Starting NingboApplication using Java 21.0.9 with PID 8974 (/Users/lichenhao/Documents/Project/ningbo/target/classes started by lichenhao in /Users/lichenhao/Documents/Project/ningbo)
2025-12-30 14:47:54.553 [main] INFO  com.lchjy.NingboApplication-No active profile set, falling back to 1 default profile: "default"
2025-12-30 14:47:55.511 [main] INFO  o.s.boot.web.embedded.tomcat.TomcatWebServer-Tomcat initialized with port 8080 (http)
2025-12-30 14:47:55.523 [main] INFO  org.apache.coyote.http11.Http11NioProtocol-Initializing ProtocolHandler ["http-nio-8080"]
2025-12-30 14:47:55.525 [main] INFO  org.apache.catalina.core.StandardService-Starting service [Tomcat]
2025-12-30 14:47:55.525 [main] INFO  org.apache.catalina.core.StandardEngine-Starting Servlet engine: [Apache Tomcat/10.1.24]
2025-12-30 14:47:55.704 [main] INFO  org.apache.jasper.servlet.TldScanner-At least one JAR was scanned for TLDs yet contained no TLDs. Enable debug logging for this logger for a complete list of JARs that were scanned but no TLDs were found in them. Skipping unneeded JARs during scanning can improve startup time and JSP compilation time.
2025-12-30 14:47:55.711 [main] INFO  o.a.c.core.ContainerBase.[Tomcat].[localhost].[/]-Initializing Spring embedded WebApplicationContext
2025-12-30 14:47:55.711 [main] INFO  o.s.b.w.s.c.ServletWebServerApplicationContext-Root WebApplicationContext: initialization completed in 1110 ms
2025-12-30 14:47:56.024 [main] INFO  o.s.b.a.web.servlet.WelcomePageHandlerMapping-Adding welcome page template: index
2025-12-30 14:47:56.288 [main] INFO  org.apache.coyote.http11.Http11NioProtocol-Starting ProtocolHandler ["http-nio-8080"]
2025-12-30 14:47:56.309 [main] INFO  o.s.boot.web.embedded.tomcat.TomcatWebServer-Tomcat started on port 8080 (http) with context path '/'
2025-12-30 14:47:56.317 [main] INFO  com.lchjy.NingboApplication-Started NingboApplication in 2.129 seconds (process running for 2.595)
2025-12-30 14:48:17.684 [http-nio-8080-exec-1] INFO  o.a.c.core.ContainerBase.[Tomcat].[localhost].[/]-Initializing Spring DispatcherServlet 'dispatcherServlet'
2025-12-30 14:48:17.684 [http-nio-8080-exec-1] INFO  org.springframework.web.servlet.DispatcherServlet-Initializing Servlet 'dispatcherServlet'
2025-12-30 14:48:17.686 [http-nio-8080-exec-1] INFO  org.springframework.web.servlet.DispatcherServlet-Completed initialization in 1 ms
2025-12-30 14:48:18.486 [http-nio-8080-exec-5] WARN  com.lchjy.config.GlobalExceptionHandler-检测到 favicon.ico 请求缺失，已忽略堆栈信息打印。
2025-12-30 14:48:18.491 [http-nio-8080-exec-4] INFO  com.lchjy.controller.FoodController-查询美食列表: keyword=, page=1, limit=8
2025-12-30 14:48:18.580 [http-nio-8080-exec-4] INFO  com.zaxxer.hikari.HikariDataSource-HikariPool-1 - Starting...
2025-12-30 14:48:18.897 [http-nio-8080-exec-4] INFO  com.zaxxer.hikari.pool.HikariPool-HikariPool-1 - Added connection com.mysql.cj.jdbc.ConnectionImpl@4ea8cc9e
2025-12-30 14:48:18.899 [http-nio-8080-exec-4] INFO  com.zaxxer.hikari.HikariDataSource-HikariPool-1 - Start completed.
2025-12-30 14:49:10.489 [http-nio-8080-exec-8] INFO  com.lchjy.controller.FoodController-查询美食列表: keyword=, page=1, limit=10
2025-12-30 14:49:10.534 [http-nio-8080-exec-9] WARN  com.lchjy.config.GlobalExceptionHandler-检测到 favicon.ico 请求缺失，已忽略堆栈信息打印。
2025-12-30 14:49:13.164 [http-nio-8080-exec-10] WARN  com.lchjy.config.GlobalExceptionHandler-检测到 favicon.ico 请求缺失，已忽略堆栈信息打印。
2025-12-30 14:56:04.225 [SpringApplicationShutdownHook] INFO  com.zaxxer.hikari.HikariDataSource-HikariPool-1 - Shutdown initiated...
2025-12-30 14:56:04.242 [SpringApplicationShutdownHook] INFO  com.zaxxer.hikari.HikariDataSource-HikariPool-1 - Shutdown completed.
2025-12-30 14:56:08.464 [main] INFO  com.lchjy.NingboApplication-Starting NingboApplication using Java 21.0.9 with PID 9557 (/Users/lichenhao/Documents/Project/ningbo/target/classes started by lichenhao in /Users/lichenhao/Documents/Project/ningbo)
2025-12-30 14:56:08.465 [main] INFO  com.lchjy.NingboApplication-No active profile set, falling back to 1 default profile: "default"
2025-12-30 14:56:09.405 [main] INFO  o.s.boot.web.embedded.tomcat.TomcatWebServer-Tomcat initialized with port 8080 (http)
2025-12-30 14:56:09.416 [main] INFO  org.apache.coyote.http11.Http11NioProtocol-Initializing ProtocolHandler ["http-nio-8080"]
2025-12-30 14:56:09.419 [main] INFO  org.apache.catalina.core.StandardService-Starting service [Tomcat]
2025-12-30 14:56:09.419 [main] INFO  org.apache.catalina.core.StandardEngine-Starting Servlet engine: [Apache Tomcat/10.1.24]
2025-12-30 14:56:09.605 [main] INFO  org.apache.jasper.servlet.TldScanner-At least one JAR was scanned for TLDs yet contained no TLDs. Enable debug logging for this logger for a complete list of JARs that were scanned but no TLDs were found in them. Skipping unneeded JARs during scanning can improve startup time and JSP compilation time.
2025-12-30 14:56:09.611 [main] INFO  o.a.c.core.ContainerBase.[Tomcat].[localhost].[/]-Initializing Spring embedded WebApplicationContext
2025-12-30 14:56:09.611 [main] INFO  o.s.b.w.s.c.ServletWebServerApplicationContext-Root WebApplicationContext: initialization completed in 1100 ms
2025-12-30 14:56:09.949 [main] INFO  o.s.b.a.web.servlet.WelcomePageHandlerMapping-Adding welcome page template: index
2025-12-30 14:56:10.225 [main] INFO  org.apache.coyote.http11.Http11NioProtocol-Starting ProtocolHandler ["http-nio-8080"]
2025-12-30 14:56:10.249 [main] INFO  o.s.boot.web.embedded.tomcat.TomcatWebServer-Tomcat started on port 8080 (http) with context path '/'
2025-12-30 14:56:10.256 [main] INFO  com.lchjy.NingboApplication-Started NingboApplication in 2.152 seconds (process running for 2.617)
2025-12-30 14:56:18.401 [http-nio-8080-exec-1] INFO  o.a.c.core.ContainerBase.[Tomcat].[localhost].[/]-Initializing Spring DispatcherServlet 'dispatcherServlet'
2025-12-30 14:56:18.401 [http-nio-8080-exec-1] INFO  org.springframework.web.servlet.DispatcherServlet-Initializing Servlet 'dispatcherServlet'
2025-12-30 14:56:18.402 [http-nio-8080-exec-1] INFO  org.springframework.web.servlet.DispatcherServlet-Completed initialization in 1 ms
2025-12-30 14:56:19.217 [http-nio-8080-exec-3] ERROR com.lchjy.config.GlobalExceptionHandler-系统运行异常: 
org.springframework.web.servlet.resource.NoResourceFoundException: No static resource image/background.JPG.
	at org.springframework.web.servlet.resource.ResourceHttpRequestHandler.handleRequest(ResourceHttpRequestHandler.java:585)
	at org.springframework.web.servlet.mvc.HttpRequestHandlerAdapter.handle(HttpRequestHandlerAdapter.java:52)
	at org.springframework.web.servlet.DispatcherServlet.doDispatch(DispatcherServlet.java:1089)
	at org.springframework.web.servlet.DispatcherServlet.doService(DispatcherServlet.java:979)
	at org.springframework.web.servlet.FrameworkServlet.processRequest(FrameworkServlet.java:1014)
	at org.springframework.web.servlet.FrameworkServlet.doGet(FrameworkServlet.java:903)
	at jakarta.servlet.http.HttpServlet.service(HttpServlet.java:564)
	at org.springframework.web.servlet.FrameworkServlet.service(FrameworkServlet.java:885)
	at jakarta.servlet.http.HttpServlet.service(HttpServlet.java:658)
	at org.apache.catalina.core.ApplicationFilterChain.internalDoFilter(ApplicationFilterChain.java:195)
	at org.apache.catalina.core.ApplicationFilterChain.doFilter(ApplicationFilterChain.java:140)
	at org.apache.tomcat.websocket.server.WsFilter.doFilter(WsFilter.java:51)
	at org.apache.catalina.core.ApplicationFilterChain.internalDoFilter(ApplicationFilterChain.java:164)
	at org.apache.catalina.core.ApplicationFilterChain.doFilter(ApplicationFilterChain.java:140)
	at org.springframework.web.filter.RequestContextFilter.doFilterInternal(RequestContextFilter.java:100)
	at org.springframework.web.filter.OncePerRequestFilter.doFilter(OncePerRequestFilter.java:116)
	at org.apache.catalina.core.ApplicationFilterChain.internalDoFilter(ApplicationFilterChain.java:164)
	at org.apache.catalina.core.ApplicationFilterChain.doFilter(ApplicationFilterChain.java:140)
	at org.springframework.web.filter.FormContentFilter.doFilterInternal(FormContentFilter.java:93)
	at org.springframework.web.filter.OncePerRequestFilter.doFilter(OncePerRequestFilter.java:116)
	at org.apache.catalina.core.ApplicationFilterChain.internalDoFilter(ApplicationFilterChain.java:164)
	at org.apache.catalina.core.ApplicationFilterChain.doFilter(ApplicationFilterChain.java:140)
	at org.springframework.web.filter.CharacterEncodingFilter.doFilterInternal(CharacterEncodingFilter.java:201)
	at org.springframework.web.filter.OncePerRequestFilter.doFilter(OncePerRequestFilter.java:116)
	at org.apache.catalina.core.ApplicationFilterChain.internalDoFilter(ApplicationFilterChain.java:164)
	at org.apache.catalina.core.ApplicationFilterChain.doFilter(ApplicationFilterChain.java:140)
	at org.apache.catalina.core.StandardWrapperValve.invoke(StandardWrapperValve.java:167)
	at org.apache.catalina.core.StandardContextValve.invoke(StandardContextValve.java:90)
	at org.apache.catalina.authenticator.AuthenticatorBase.invoke(AuthenticatorBase.java:482)
	at org.apache.catalina.core.StandardHostValve.invoke(StandardHostValve.java:115)
	at org.apache.catalina.valves.ErrorReportValve.invoke(ErrorReportValve.java:93)
	at org.apache.catalina.core.StandardEngineValve.invoke(StandardEngineValve.java:74)
	at org.apache.catalina.connector.CoyoteAdapter.service(CoyoteAdapter.java:344)
	at org.apache.coyote.http11.Http11Processor.service(Http11Processor.java:389)
	at org.apache.coyote.AbstractProcessorLight.process(AbstractProcessorLight.java:63)
	at org.apache.coyote.AbstractProtocol$ConnectionHandler.process(AbstractProtocol.java:896)
	at org.apache.tomcat.util.net.NioEndpoint$SocketProcessor.doRun(NioEndpoint.java:1741)
	at org.apache.tomcat.util.net.SocketProcessorBase.run(SocketProcessorBase.java:52)
	at org.apache.tomcat.util.threads.ThreadPoolExecutor.runWorker(ThreadPoolExecutor.java:1190)
	at org.apache.tomcat.util.threads.ThreadPoolExecutor$Worker.run(ThreadPoolExecutor.java:659)
	at org.apache.tomcat.util.threads.TaskThread$WrappingRunnable.run(TaskThread.java:63)
	at java.base/java.lang.Thread.run(Unknown Source)
2025-12-30 14:56:19.235 [http-nio-8080-exec-4] INFO  com.lchjy.controller.FoodController-查询美食列表: keyword=, page=1, limit=8
2025-12-30 14:56:19.278 [http-nio-8080-exec-5] WARN  com.lchjy.config.GlobalExceptionHandler-检测到 favicon.ico 请求缺失，已忽略堆栈信息打印。
2025-12-30 14:56:19.331 [http-nio-8080-exec-4] INFO  com.zaxxer.hikari.HikariDataSource-HikariPool-1 - Starting...
2025-12-30 14:56:19.651 [http-nio-8080-exec-4] INFO  com.zaxxer.hikari.pool.HikariPool-HikariPool-1 - Added connection com.mysql.cj.jdbc.ConnectionImpl@5c221107
2025-12-30 14:56:19.653 [http-nio-8080-exec-4] INFO  com.zaxxer.hikari.HikariDataSource-HikariPool-1 - Start completed.
2025-12-30 14:56:36.440 [SpringApplicationShutdownHook] INFO  com.zaxxer.hikari.HikariDataSource-HikariPool-1 - Shutdown initiated...
2025-12-30 14:56:36.452 [SpringApplicationShutdownHook] INFO  com.zaxxer.hikari.HikariDataSource-HikariPool-1 - Shutdown completed.
2025-12-30 14:56:52.627 [main] INFO  com.lchjy.NingboApplication-Starting NingboApplication using Java 21.0.9 with PID 10510 (/Users/lichenhao/Documents/Project/ningbo/target/classes started by lichenhao in /Users/lichenhao/Documents/Project/ningbo)
2025-12-30 14:56:52.629 [main] INFO  com.lchjy.NingboApplication-No active profile set, falling back to 1 default profile: "default"
2025-12-30 14:56:53.574 [main] INFO  o.s.boot.web.embedded.tomcat.TomcatWebServer-Tomcat initialized with port 8080 (http)
2025-12-30 14:56:53.585 [main] INFO  org.apache.coyote.http11.Http11NioProtocol-Initializing ProtocolHandler ["http-nio-8080"]
2025-12-30 14:56:53.587 [main] INFO  org.apache.catalina.core.StandardService-Starting service [Tomcat]
2025-12-30 14:56:53.588 [main] INFO  org.apache.catalina.core.StandardEngine-Starting Servlet engine: [Apache Tomcat/10.1.24]
2025-12-30 14:56:53.770 [main] INFO  org.apache.jasper.servlet.TldScanner-At least one JAR was scanned for TLDs yet contained no TLDs. Enable debug logging for this logger for a complete list of JARs that were scanned but no TLDs were found in them. Skipping unneeded JARs during scanning can improve startup time and JSP compilation time.
2025-12-30 14:56:53.778 [main] INFO  o.a.c.core.ContainerBase.[Tomcat].[localhost].[/]-Initializing Spring embedded WebApplicationContext
2025-12-30 14:56:53.778 [main] INFO  o.s.b.w.s.c.ServletWebServerApplicationContext-Root WebApplicationContext: initialization completed in 1105 ms
2025-12-30 14:56:54.124 [main] INFO  o.s.b.a.web.servlet.WelcomePageHandlerMapping-Adding welcome page template: index
2025-12-30 14:56:54.434 [main] INFO  org.apache.coyote.http11.Http11NioProtocol-Starting ProtocolHandler ["http-nio-8080"]
2025-12-30 14:56:54.459 [main] INFO  o.s.boot.web.embedded.tomcat.TomcatWebServer-Tomcat started on port 8080 (http) with context path '/'
2025-12-30 14:56:54.480 [main] INFO  com.lchjy.NingboApplication-Started NingboApplication in 2.205 seconds (process running for 2.668)
2025-12-30 14:57:49.329 [main] INFO  com.lchjy.NingboApplication-Starting NingboApplication using Java 21.0.9 with PID 10893 (/Users/lichenhao/Documents/Project/ningbo/target/classes started by lichenhao in /Users/lichenhao/Documents/Project/ningbo)
2025-12-30 14:57:49.331 [main] INFO  com.lchjy.NingboApplication-No active profile set, falling back to 1 default profile: "default"
2025-12-30 14:57:50.322 [main] INFO  o.s.boot.web.embedded.tomcat.TomcatWebServer-Tomcat initialized with port 8080 (http)
2025-12-30 14:57:50.332 [main] INFO  org.apache.coyote.http11.Http11NioProtocol-Initializing ProtocolHandler ["http-nio-8080"]
2025-12-30 14:57:50.335 [main] INFO  org.apache.catalina.core.StandardService-Starting service [Tomcat]
2025-12-30 14:57:50.335 [main] INFO  org.apache.catalina.core.StandardEngine-Starting Servlet engine: [Apache Tomcat/10.1.24]
2025-12-30 14:57:50.513 [main] INFO  org.apache.jasper.servlet.TldScanner-At least one JAR was scanned for TLDs yet contained no TLDs. Enable debug logging for this logger for a complete list of JARs that were scanned but no TLDs were found in them. Skipping unneeded JARs during scanning can improve startup time and JSP compilation time.
2025-12-30 14:57:50.519 [main] INFO  o.a.c.core.ContainerBase.[Tomcat].[localhost].[/]-Initializing Spring embedded WebApplicationContext
2025-12-30 14:57:50.520 [main] INFO  o.s.b.w.s.c.ServletWebServerApplicationContext-Root WebApplicationContext: initialization completed in 1142 ms
2025-12-30 14:57:50.844 [main] INFO  o.s.b.a.web.servlet.WelcomePageHandlerMapping-Adding welcome page template: index
2025-12-30 14:57:51.124 [main] INFO  org.apache.coyote.http11.Http11NioProtocol-Starting ProtocolHandler ["http-nio-8080"]
2025-12-30 14:57:51.147 [main] INFO  o.s.boot.web.embedded.tomcat.TomcatWebServer-Tomcat started on port 8080 (http) with context path '/'
2025-12-30 14:57:51.155 [main] INFO  com.lchjy.NingboApplication-Started NingboApplication in 2.171 seconds (process running for 2.709)
2025-12-30 14:58:08.199 [http-nio-8080-exec-1] INFO  o.a.c.core.ContainerBase.[Tomcat].[localhost].[/]-Initializing Spring DispatcherServlet 'dispatcherServlet'
2025-12-30 14:58:08.199 [http-nio-8080-exec-1] INFO  org.springframework.web.servlet.DispatcherServlet-Initializing Servlet 'dispatcherServlet'
2025-12-30 14:58:08.201 [http-nio-8080-exec-1] INFO  org.springframework.web.servlet.DispatcherServlet-Completed initialization in 1 ms
2025-12-30 14:58:09.022 [http-nio-8080-exec-3] INFO  com.lchjy.controller.FoodController-查询美食列表: keyword=, page=1, limit=8
2025-12-30 14:58:09.031 [http-nio-8080-exec-4] WARN  com.lchjy.config.GlobalExceptionHandler-检测到 favicon.ico 请求缺失，已忽略堆栈信息打印。
2025-12-30 14:58:09.147 [http-nio-8080-exec-3] INFO  com.zaxxer.hikari.HikariDataSource-HikariPool-1 - Starting...
2025-12-30 14:58:09.462 [http-nio-8080-exec-3] INFO  com.zaxxer.hikari.pool.HikariPool-HikariPool-1 - Added connection com.mysql.cj.jdbc.ConnectionImpl@368cfe5
2025-12-30 14:58:09.463 [http-nio-8080-exec-3] INFO  com.zaxxer.hikari.HikariDataSource-HikariPool-1 - Start completed.
2025-12-30 15:04:36.240 [SpringApplicationShutdownHook] INFO  com.zaxxer.hikari.HikariDataSource-HikariPool-1 - Shutdown initiated...
2025-12-30 15:04:36.253 [SpringApplicationShutdownHook] INFO  com.zaxxer.hikari.HikariDataSource-HikariPool-1 - Shutdown completed.
2025-12-30 15:05:03.352 [main] INFO  com.lchjy.NingboApplication-Starting NingboApplication using Java 21.0.9 with PID 11429 (/Users/lichenhao/Documents/Project/ningbo/target/classes started by lichenhao in /Users/lichenhao/Documents/Project/ningbo)
2025-12-30 15:05:03.354 [main] INFO  com.lchjy.NingboApplication-No active profile set, falling back to 1 default profile: "default"
2025-12-30 15:05:04.311 [main] INFO  o.s.boot.web.embedded.tomcat.TomcatWebServer-Tomcat initialized with port 8080 (http)
2025-12-30 15:05:04.322 [main] INFO  org.apache.coyote.http11.Http11NioProtocol-Initializing ProtocolHandler ["http-nio-8080"]
2025-12-30 15:05:04.324 [main] INFO  org.apache.catalina.core.StandardService-Starting service [Tomcat]
2025-12-30 15:05:04.325 [main] INFO  org.apache.catalina.core.StandardEngine-Starting Servlet engine: [Apache Tomcat/10.1.24]
2025-12-30 15:05:04.518 [main] INFO  org.apache.jasper.servlet.TldScanner-At least one JAR was scanned for TLDs yet contained no TLDs. Enable debug logging for this logger for a complete list of JARs that were scanned but no TLDs were found in them. Skipping unneeded JARs during scanning can improve startup time and JSP compilation time.
2025-12-30 15:05:04.525 [main] INFO  o.a.c.core.ContainerBase.[Tomcat].[localhost].[/]-Initializing Spring embedded WebApplicationContext
2025-12-30 15:05:04.525 [main] INFO  o.s.b.w.s.c.ServletWebServerApplicationContext-Root WebApplicationContext: initialization completed in 1118 ms
2025-12-30 15:05:04.852 [main] INFO  o.s.b.a.web.servlet.WelcomePageHandlerMapping-Adding welcome page template: index
2025-12-30 15:05:05.118 [main] INFO  org.apache.coyote.http11.Http11NioProtocol-Starting ProtocolHandler ["http-nio-8080"]
2025-12-30 15:05:05.140 [main] INFO  o.s.boot.web.embedded.tomcat.TomcatWebServer-Tomcat started on port 8080 (http) with context path '/'
2025-12-30 15:05:05.149 [main] INFO  com.lchjy.NingboApplication-Started NingboApplication in 2.146 seconds (process running for 2.628)
2025-12-30 15:05:08.974 [http-nio-8080-exec-1] INFO  o.a.c.core.ContainerBase.[Tomcat].[localhost].[/]-Initializing Spring DispatcherServlet 'dispatcherServlet'
2025-12-30 15:05:08.975 [http-nio-8080-exec-1] INFO  org.springframework.web.servlet.DispatcherServlet-Initializing Servlet 'dispatcherServlet'
2025-12-30 15:05:08.976 [http-nio-8080-exec-1] INFO  org.springframework.web.servlet.DispatcherServlet-Completed initialization in 1 ms
2025-12-30 15:05:09.779 [http-nio-8080-exec-5] WARN  com.lchjy.config.GlobalExceptionHandler-检测到 favicon.ico 请求缺失，已忽略堆栈信息打印。
2025-12-30 15:05:09.779 [http-nio-8080-exec-4] INFO  com.lchjy.controller.FoodController-查询美食列表: keyword=, page=1, limit=8
2025-12-30 15:05:09.875 [http-nio-8080-exec-4] INFO  com.zaxxer.hikari.HikariDataSource-HikariPool-1 - Starting...
2025-12-30 15:05:10.186 [http-nio-8080-exec-4] INFO  com.zaxxer.hikari.pool.HikariPool-HikariPool-1 - Added connection com.mysql.cj.jdbc.ConnectionImpl@5e5a2af6
2025-12-30 15:05:10.188 [http-nio-8080-exec-4] INFO  com.zaxxer.hikari.HikariDataSource-HikariPool-1 - Start completed.
2025-12-30 15:05:45.184 [SpringApplicationShutdownHook] INFO  com.zaxxer.hikari.HikariDataSource-HikariPool-1 - Shutdown initiated...
2025-12-30 15:05:45.193 [SpringApplicationShutdownHook] INFO  com.zaxxer.hikari.HikariDataSource-HikariPool-1 - Shutdown completed.
2025-12-30 15:07:51.476 [main] INFO  com.lchjy.NingboApplication-Starting NingboApplication using Java 21.0.9 with PID 11872 (/Users/lichenhao/Documents/Project/ningbo/target/classes started by lichenhao in /Users/lichenhao/Documents/Project/ningbo)
2025-12-30 15:07:51.478 [main] INFO  com.lchjy.NingboApplication-No active profile set, falling back to 1 default profile: "default"
2025-12-30 15:07:52.424 [main] INFO  o.s.boot.web.embedded.tomcat.TomcatWebServer-Tomcat initialized with port 8080 (http)
2025-12-30 15:07:52.435 [main] INFO  org.apache.coyote.http11.Http11NioProtocol-Initializing ProtocolHandler ["http-nio-8080"]
2025-12-30 15:07:52.438 [main] INFO  org.apache.catalina.core.StandardService-Starting service [Tomcat]
2025-12-30 15:07:52.438 [main] INFO  org.apache.catalina.core.StandardEngine-Starting Servlet engine: [Apache Tomcat/10.1.24]
2025-12-30 15:07:52.622 [main] INFO  org.apache.jasper.servlet.TldScanner-At least one JAR was scanned for TLDs yet contained no TLDs. Enable debug logging for this logger for a complete list of JARs that were scanned but no TLDs were found in them. Skipping unneeded JARs during scanning can improve startup time and JSP compilation time.
2025-12-30 15:07:52.628 [main] INFO  o.a.c.core.ContainerBase.[Tomcat].[localhost].[/]-Initializing Spring embedded WebApplicationContext
2025-12-30 15:07:52.628 [main] INFO  o.s.b.w.s.c.ServletWebServerApplicationContext-Root WebApplicationContext: initialization completed in 1102 ms
2025-12-30 15:07:52.950 [main] INFO  o.s.b.a.web.servlet.WelcomePageHandlerMapping-Adding welcome page template: index
2025-12-30 15:07:53.222 [main] INFO  org.apache.coyote.http11.Http11NioProtocol-Starting ProtocolHandler ["http-nio-8080"]
2025-12-30 15:07:53.245 [main] INFO  o.s.boot.web.embedded.tomcat.TomcatWebServer-Tomcat started on port 8080 (http) with context path '/'
2025-12-30 15:07:53.252 [main] INFO  com.lchjy.NingboApplication-Started NingboApplication in 2.111 seconds (process running for 2.586)
2025-12-30 15:07:56.860 [http-nio-8080-exec-1] INFO  o.a.c.core.ContainerBase.[Tomcat].[localhost].[/]-Initializing Spring DispatcherServlet 'dispatcherServlet'
2025-12-30 15:07:56.860 [http-nio-8080-exec-1] INFO  org.springframework.web.servlet.DispatcherServlet-Initializing Servlet 'dispatcherServlet'
2025-12-30 15:07:56.861 [http-nio-8080-exec-1] INFO  org.springframework.web.servlet.DispatcherServlet-Completed initialization in 1 ms
2025-12-30 15:07:57.620 [http-nio-8080-exec-4] WARN  com.lchjy.config.GlobalExceptionHandler-检测到 favicon.ico 请求缺失，已忽略堆栈信息打印。
2025-12-30 15:07:57.622 [http-nio-8080-exec-3] INFO  com.lchjy.controller.FoodController-查询美食列表: keyword=, page=1, limit=8
2025-12-30 15:07:57.717 [http-nio-8080-exec-3] INFO  com.zaxxer.hikari.HikariDataSource-HikariPool-1 - Starting...
2025-12-30 15:07:58.019 [http-nio-8080-exec-3] INFO  com.zaxxer.hikari.pool.HikariPool-HikariPool-1 - Added connection com.mysql.cj.jdbc.ConnectionImpl@78a4c21e
2025-12-30 15:07:58.021 [http-nio-8080-exec-3] INFO  com.zaxxer.hikari.HikariDataSource-HikariPool-1 - Start completed.
2025-12-30 15:08:05.845 [SpringApplicationShutdownHook] INFO  com.zaxxer.hikari.HikariDataSource-HikariPool-1 - Shutdown initiated...
2025-12-30 15:08:05.858 [SpringApplicationShutdownHook] INFO  com.zaxxer.hikari.HikariDataSource-HikariPool-1 - Shutdown completed.
2025-12-30 15:10:27.294 [main] INFO  com.lchjy.NingboApplication-Starting NingboApplication using Java 21.0.9 with PID 12919 (/Users/lichenhao/Documents/Project/ningbo/target/classes started by lichenhao in /Users/lichenhao/Documents/Project/ningbo)
2025-12-30 15:10:27.296 [main] INFO  com.lchjy.NingboApplication-No active profile set, falling back to 1 default profile: "default"
2025-12-30 15:10:28.264 [main] INFO  o.s.boot.web.embedded.tomcat.TomcatWebServer-Tomcat initialized with port 8080 (http)
2025-12-30 15:10:28.286 [main] INFO  org.apache.coyote.http11.Http11NioProtocol-Initializing ProtocolHandler ["http-nio-8080"]
2025-12-30 15:10:28.288 [main] INFO  org.apache.catalina.core.StandardService-Starting service [Tomcat]
2025-12-30 15:10:28.289 [main] INFO  org.apache.catalina.core.StandardEngine-Starting Servlet engine: [Apache Tomcat/10.1.24]
2025-12-30 15:10:28.468 [main] INFO  org.apache.jasper.servlet.TldScanner-At least one JAR was scanned for TLDs yet contained no TLDs. Enable debug logging for this logger for a complete list of JARs that were scanned but no TLDs were found in them. Skipping unneeded JARs during scanning can improve startup time and JSP compilation time.
2025-12-30 15:10:28.474 [main] INFO  o.a.c.core.ContainerBase.[Tomcat].[localhost].[/]-Initializing Spring embedded WebApplicationContext
2025-12-30 15:10:28.475 [main] INFO  o.s.b.w.s.c.ServletWebServerApplicationContext-Root WebApplicationContext: initialization completed in 1133 ms
2025-12-30 15:10:28.802 [main] INFO  o.s.b.a.web.servlet.WelcomePageHandlerMapping-Adding welcome page template: index
2025-12-30 15:10:29.084 [main] INFO  org.apache.coyote.http11.Http11NioProtocol-Starting ProtocolHandler ["http-nio-8080"]
2025-12-30 15:10:29.106 [main] INFO  o.s.boot.web.embedded.tomcat.TomcatWebServer-Tomcat started on port 8080 (http) with context path '/'
2025-12-30 15:10:29.114 [main] INFO  com.lchjy.NingboApplication-Started NingboApplication in 2.199 seconds (process running for 2.78)
2025-12-30 15:10:45.373 [http-nio-8080-exec-1] INFO  o.a.c.core.ContainerBase.[Tomcat].[localhost].[/]-Initializing Spring DispatcherServlet 'dispatcherServlet'
2025-12-30 15:10:45.373 [http-nio-8080-exec-1] INFO  org.springframework.web.servlet.DispatcherServlet-Initializing Servlet 'dispatcherServlet'
2025-12-30 15:10:45.375 [http-nio-8080-exec-1] INFO  org.springframework.web.servlet.DispatcherServlet-Completed initialization in 1 ms
2025-12-30 15:10:46.177 [http-nio-8080-exec-4] INFO  com.lchjy.controller.FoodController-查询美食列表: keyword=, page=1, limit=8
2025-12-30 15:10:46.184 [http-nio-8080-exec-5] WARN  com.lchjy.config.GlobalExceptionHandler-检测到 favicon.ico 请求缺失，已忽略堆栈信息打印。
2025-12-30 15:10:46.294 [http-nio-8080-exec-4] INFO  com.zaxxer.hikari.HikariDataSource-HikariPool-1 - Starting...
2025-12-30 15:10:46.645 [http-nio-8080-exec-4] INFO  com.zaxxer.hikari.pool.HikariPool-HikariPool-1 - Added connection com.mysql.cj.jdbc.ConnectionImpl@41655716
2025-12-30 15:10:46.647 [http-nio-8080-exec-4] INFO  com.zaxxer.hikari.HikariDataSource-HikariPool-1 - Start completed.
2025-12-30 15:11:59.024 [http-nio-8080-exec-10] INFO  com.lchjy.controller.FoodController-查询美食列表: keyword=, page=1, limit=10
2025-12-30 15:11:59.064 [http-nio-8080-exec-1] WARN  com.lchjy.config.GlobalExceptionHandler-检测到 favicon.ico 请求缺失，已忽略堆栈信息打印。
2025-12-30 15:12:02.704 [http-nio-8080-exec-5] INFO  com.lchjy.controller.FoodController-查询美食列表: keyword=, page=1, limit=8
2025-12-30 15:12:02.741 [http-nio-8080-exec-4] WARN  com.lchjy.config.GlobalExceptionHandler-检测到 favicon.ico 请求缺失，已忽略堆栈信息打印。
2025-12-30 15:16:42.950 [SpringApplicationShutdownHook] INFO  com.zaxxer.hikari.HikariDataSource-HikariPool-1 - Shutdown initiated...
2025-12-30 15:16:42.978 [SpringApplicationShutdownHook] INFO  com.zaxxer.hikari.HikariDataSource-HikariPool-1 - Shutdown completed.
2025-12-30 15:17:08.649 [main] INFO  com.lchjy.NingboApplication-Starting NingboApplication using Java 21.0.9 with PID 14056 (/Users/lichenhao/Documents/Project/ningbo/target/classes started by lichenhao in /Users/lichenhao/Documents/Project/ningbo)
2025-12-30 15:17:08.651 [main] INFO  com.lchjy.NingboApplication-No active profile set, falling back to 1 default profile: "default"
2025-12-30 15:17:09.637 [main] INFO  o.s.boot.web.embedded.tomcat.TomcatWebServer-Tomcat initialized with port 8080 (http)
2025-12-30 15:17:09.647 [main] INFO  org.apache.coyote.http11.Http11NioProtocol-Initializing ProtocolHandler ["http-nio-8080"]
2025-12-30 15:17:09.650 [main] INFO  org.apache.catalina.core.StandardService-Starting service [Tomcat]
2025-12-30 15:17:09.650 [main] INFO  org.apache.catalina.core.StandardEngine-Starting Servlet engine: [Apache Tomcat/10.1.24]
2025-12-30 15:17:09.836 [main] INFO  org.apache.jasper.servlet.TldScanner-At least one JAR was scanned for TLDs yet contained no TLDs. Enable debug logging for this logger for a complete list of JARs that were scanned but no TLDs were found in them. Skipping unneeded JARs during scanning can improve startup time and JSP compilation time.
2025-12-30 15:17:09.843 [main] INFO  o.a.c.core.ContainerBase.[Tomcat].[localhost].[/]-Initializing Spring embedded WebApplicationContext
2025-12-30 15:17:09.843 [main] INFO  o.s.b.w.s.c.ServletWebServerApplicationContext-Root WebApplicationContext: initialization completed in 1147 ms
2025-12-30 15:17:10.181 [main] INFO  o.s.b.a.web.servlet.WelcomePageHandlerMapping-Adding welcome page template: index
2025-12-30 15:17:10.468 [main] INFO  org.apache.coyote.http11.Http11NioProtocol-Starting ProtocolHandler ["http-nio-8080"]
2025-12-30 15:17:10.491 [main] INFO  o.s.boot.web.embedded.tomcat.TomcatWebServer-Tomcat started on port 8080 (http) with context path '/'
2025-12-30 15:17:10.499 [main] INFO  com.lchjy.NingboApplication-Started NingboApplication in 2.212 seconds (process running for 2.715)
2025-12-30 15:17:15.525 [http-nio-8080-exec-1] INFO  o.a.c.core.ContainerBase.[Tomcat].[localhost].[/]-Initializing Spring DispatcherServlet 'dispatcherServlet'
2025-12-30 15:17:15.525 [http-nio-8080-exec-1] INFO  org.springframework.web.servlet.DispatcherServlet-Initializing Servlet 'dispatcherServlet'
2025-12-30 15:17:15.528 [http-nio-8080-exec-1] INFO  org.springframework.web.servlet.DispatcherServlet-Completed initialization in 2 ms
2025-12-30 15:17:16.423 [http-nio-8080-exec-4] INFO  com.lchjy.controller.FoodController-查询美食列表: keyword=, page=1, limit=8
2025-12-30 15:17:16.440 [http-nio-8080-exec-5] WARN  com.lchjy.config.GlobalExceptionHandler-检测到 favicon.ico 请求缺失，已忽略堆栈信息打印。
2025-12-30 15:17:16.649 [http-nio-8080-exec-4] INFO  com.zaxxer.hikari.HikariDataSource-HikariPool-1 - Starting...
2025-12-30 15:17:16.989 [http-nio-8080-exec-4] INFO  com.zaxxer.hikari.pool.HikariPool-HikariPool-1 - Added connection com.mysql.cj.jdbc.ConnectionImpl@41655716
2025-12-30 15:17:16.991 [http-nio-8080-exec-4] INFO  com.zaxxer.hikari.HikariDataSource-HikariPool-1 - Start completed.
2025-12-30 15:17:44.466 [SpringApplicationShutdownHook] INFO  com.zaxxer.hikari.HikariDataSource-HikariPool-1 - Shutdown initiated...
2025-12-30 15:17:44.478 [SpringApplicationShutdownHook] INFO  com.zaxxer.hikari.HikariDataSource-HikariPool-1 - Shutdown completed.
2025-12-30 15:19:28.080 [main] INFO  com.lchjy.NingboApplication-Starting NingboApplication using Java 21.0.9 with PID 14462 (/Users/lichenhao/Documents/Project/ningbo/target/classes started by lichenhao in /Users/lichenhao/Documents/Project/ningbo)
2025-12-30 15:19:28.082 [main] INFO  com.lchjy.NingboApplication-No active profile set, falling back to 1 default profile: "default"
2025-12-30 15:19:29.343 [main] INFO  o.s.boot.web.embedded.tomcat.TomcatWebServer-Tomcat initialized with port 8080 (http)
2025-12-30 15:19:29.355 [main] INFO  org.apache.coyote.http11.Http11NioProtocol-Initializing ProtocolHandler ["http-nio-8080"]
2025-12-30 15:19:29.358 [main] INFO  org.apache.catalina.core.StandardService-Starting service [Tomcat]
2025-12-30 15:19:29.358 [main] INFO  org.apache.catalina.core.StandardEngine-Starting Servlet engine: [Apache Tomcat/10.1.24]
2025-12-30 15:19:29.548 [main] INFO  org.apache.jasper.servlet.TldScanner-At least one JAR was scanned for TLDs yet contained no TLDs. Enable debug logging for this logger for a complete list of JARs that were scanned but no TLDs were found in them. Skipping unneeded JARs during scanning can improve startup time and JSP compilation time.
2025-12-30 15:19:29.555 [main] INFO  o.a.c.core.ContainerBase.[Tomcat].[localhost].[/]-Initializing Spring embedded WebApplicationContext
2025-12-30 15:19:29.555 [main] INFO  o.s.b.w.s.c.ServletWebServerApplicationContext-Root WebApplicationContext: initialization completed in 1387 ms
2025-12-30 15:19:29.894 [main] INFO  o.s.b.a.web.servlet.WelcomePageHandlerMapping-Adding welcome page template: index
2025-12-30 15:19:30.178 [main] INFO  org.apache.coyote.http11.Http11NioProtocol-Starting ProtocolHandler ["http-nio-8080"]
2025-12-30 15:19:30.202 [main] INFO  o.s.boot.web.embedded.tomcat.TomcatWebServer-Tomcat started on port 8080 (http) with context path '/'
2025-12-30 15:19:30.211 [main] INFO  com.lchjy.NingboApplication-Started NingboApplication in 2.567 seconds (process running for 3.143)
2025-12-30 15:19:37.501 [http-nio-8080-exec-1] INFO  o.a.c.core.ContainerBase.[Tomcat].[localhost].[/]-Initializing Spring DispatcherServlet 'dispatcherServlet'
2025-12-30 15:19:37.502 [http-nio-8080-exec-1] INFO  org.springframework.web.servlet.DispatcherServlet-Initializing Servlet 'dispatcherServlet'
2025-12-30 15:19:37.503 [http-nio-8080-exec-1] INFO  org.springframework.web.servlet.DispatcherServlet-Completed initialization in 1 ms
2025-12-30 15:19:38.292 [http-nio-8080-exec-4] WARN  com.lchjy.config.GlobalExceptionHandler-检测到 favicon.ico 请求缺失，已忽略堆栈信息打印。
2025-12-30 15:19:38.292 [http-nio-8080-exec-3] INFO  com.lchjy.controller.FoodController-查询美食列表: keyword=, page=1, limit=8
2025-12-30 15:19:38.413 [http-nio-8080-exec-3] INFO  com.zaxxer.hikari.HikariDataSource-HikariPool-1 - Starting...
2025-12-30 15:19:38.749 [http-nio-8080-exec-3] INFO  com.zaxxer.hikari.pool.HikariPool-HikariPool-1 - Added connection com.mysql.cj.jdbc.ConnectionImpl@1768cd23
2025-12-30 15:19:38.752 [http-nio-8080-exec-3] INFO  com.zaxxer.hikari.HikariDataSource-HikariPool-1 - Start completed.
2025-12-30 15:19:43.859 [http-nio-8080-exec-6] INFO  com.lchjy.controller.FoodController-查询美食列表: keyword=, page=1, limit=8
2025-12-30 15:19:43.871 [http-nio-8080-exec-7] WARN  com.lchjy.config.GlobalExceptionHandler-检测到 favicon.ico 请求缺失，已忽略堆栈信息打印。
2025-12-30 15:20:15.216 [http-nio-8080-exec-8] INFO  com.lchjy.controller.FoodController-查询美食列表: keyword=, page=2, limit=8
2025-12-30 15:20:19.036 [http-nio-8080-exec-1] INFO  com.lchjy.controller.FoodController-查询美食列表: keyword=, page=1, limit=10
2025-12-30 15:20:19.058 [http-nio-8080-exec-2] WARN  com.lchjy.config.GlobalExceptionHandler-检测到 favicon.ico 请求缺失，已忽略堆栈信息打印。
2025-12-30 15:20:24.301 [http-nio-8080-exec-5] INFO  com.lchjy.controller.FoodController-查询美食列表: keyword=, page=1, limit=8
2025-12-30 15:20:24.324 [http-nio-8080-exec-7] WARN  com.lchjy.config.GlobalExceptionHandler-检测到 favicon.ico 请求缺失，已忽略堆栈信息打印。
2025-12-30 15:20:42.858 [SpringApplicationShutdownHook] INFO  com.zaxxer.hikari.HikariDataSource-HikariPool-1 - Shutdown initiated...
2025-12-30 15:20:42.870 [SpringApplicationShutdownHook] INFO  com.zaxxer.hikari.HikariDataSource-HikariPool-1 - Shutdown completed.
